<?xml version="1.0" encoding="UTF-8"?>
<!-- Generated by org.testng.reporters.JUnitReportReporter -->
<testsuite skipped="2" hostname="LAPTOP-LUAOCDJJ" name="testcases.rediff.StockManagement" tests="2" failures="0" timestamp="2024-12-11T15:50:06 EST" time="0.006" errors="0">
  <testcase name="addFreshStock" time="0.001" classname="testcases.rediff.StockManagement">
    <skipped/>
  </testcase> <!-- addFreshStock -->
  <testcase name="addFreshStock" time="0.005" classname="testcases.rediff.StockManagement">
    <skipped/>
  </testcase> <!-- addFreshStock -->
</testsuite> <!-- testcases.rediff.StockManagement -->
